android/app/build/intermediates/manifest_merge_blame_file/debug/processDebugMainManifest/manifest-merger-blame-debug-report.txt
1<?xml version="1.0" encoding="utf-8"?>
2<manifest xmlns:android="http://schemas.android.com/apk/res/android"
3    package="com.awesomeproject"
4    android:versionCode="1"
5    android:versionName="1.0" >
6
7    <uses-sdk
8        android:minSdkVersion="23"
9        android:targetSdkVersion="35" />
10
11    <uses-permission android:name="android.permission.INTERNET" />
11-->src/main/AndroidManifest.xml:2:3-65
11-->src/main/AndroidManifest.xml:2:20-62
12    <uses-permission android:name="android.permission.CAMERA" />
12-->src/main/AndroidManifest.xml:3:3-62
12-->src/main/AndroidManifest.xml:3:20-60
13    <uses-permission android:name="android.permission.READ_EXTERNAL_STORAGE" />
13-->src/main/AndroidManifest.xml:4:3-77
13-->src/main/AndroidManifest.xml:4:20-75
14    <uses-permission
14-->src/main/AndroidManifest.xml:5:3-78
15        android:name="android.permission.WRITE_EXTERNAL_STORAGE"
15-->src/main/AndroidManifest.xml:5:20-76
16        android:maxSdkVersion="29" />
16-->[:react-native-image-crop-picker] AndroidManifest.xml:15:9-35
17    <uses-permission android:name="android.permission.READ_MEDIA_IMAGES" />
17-->src/main/AndroidManifest.xml:6:3-73
17-->src/main/AndroidManifest.xml:6:20-71
18
19    <queries>
19-->[:react-native-image-crop-picker] AndroidManifest.xml:7:5-11:15
20        <intent>
20-->[:react-native-image-crop-picker] AndroidManifest.xml:8:9-10:18
21            <action android:name="android.media.action.IMAGE_CAPTURE" />
21-->[:react-native-image-crop-picker] AndroidManifest.xml:9:13-73
21-->[:react-native-image-crop-picker] AndroidManifest.xml:9:21-70
22        </intent>
23    </queries>
24    <!--
25    This manifest file is used only by Gradle to configure debug-only capabilities
26    for React Native Apps.
27    -->
28    <uses-permission android:name="android.permission.SYSTEM_ALERT_WINDOW" />
28-->[com.facebook.react:react-android:0.74.1] AndroidManifest.xml:16:5-78
28-->[com.facebook.react:react-android:0.74.1] AndroidManifest.xml:16:22-75
29
30    <permission
30-->[androidx.core:core:1.13.1] AndroidManifest.xml:22:5-24:47
31        android:name="com.awesomeproject.DYNAMIC_RECEIVER_NOT_EXPORTED_PERMISSION"
31-->[androidx.core:core:1.13.1] AndroidManifest.xml:23:9-81
32        android:protectionLevel="signature" />
32-->[androidx.core:core:1.13.1] AndroidManifest.xml:24:9-44
33
34    <uses-permission android:name="com.awesomeproject.DYNAMIC_RECEIVER_NOT_EXPORTED_PERMISSION" />
34-->[androidx.core:core:1.13.1] AndroidManifest.xml:26:5-97
34-->[androidx.core:core:1.13.1] AndroidManifest.xml:26:22-94
35
36    <application
36-->src/main/AndroidManifest.xml:9:3-29:17
37        android:name="com.awesomeproject.MainApplication"
37-->src/main/AndroidManifest.xml:10:5-36
38        android:allowBackup="false"
38-->src/main/AndroidManifest.xml:14:5-32
39        android:appComponentFactory="androidx.core.app.CoreComponentFactory"
39-->[androidx.core:core:1.13.1] AndroidManifest.xml:28:18-86
40        android:debuggable="true"
41        android:extractNativeLibs="false"
42        android:icon="@mipmap/ic_launcher"
42-->src/main/AndroidManifest.xml:12:5-39
43        android:label="@string/app_name"
43-->src/main/AndroidManifest.xml:11:5-37
44        android:roundIcon="@mipmap/ic_launcher_round"
44-->src/main/AndroidManifest.xml:13:5-50
45        android:theme="@style/AppTheme"
45-->src/main/AndroidManifest.xml:15:5-36
46        android:usesCleartextTraffic="true" >
46-->src/debug/AndroidManifest.xml:6:9-44
47        <activity
47-->src/main/AndroidManifest.xml:16:5-28:16
48            android:name="com.awesomeproject.MainActivity"
48-->src/main/AndroidManifest.xml:17:7-35
49            android:configChanges="keyboard|keyboardHidden|orientation|screenLayout|screenSize|smallestScreenSize|uiMode"
49-->src/main/AndroidManifest.xml:19:7-116
50            android:exported="true"
50-->src/main/AndroidManifest.xml:22:7-30
51            android:label="@string/app_name"
51-->src/main/AndroidManifest.xml:18:7-39
52            android:launchMode="singleTask"
52-->src/main/AndroidManifest.xml:20:7-38
53            android:theme="@style/BootTheme"
53-->src/main/AndroidManifest.xml:23:7-39
54            android:windowSoftInputMode="adjustResize" >
54-->src/main/AndroidManifest.xml:21:7-49
55            <intent-filter>
55-->src/main/AndroidManifest.xml:24:7-27:23
56                <action android:name="android.intent.action.MAIN" />
56-->src/main/AndroidManifest.xml:25:9-61
56-->src/main/AndroidManifest.xml:25:17-58
57
58                <category android:name="android.intent.category.LAUNCHER" />
58-->src/main/AndroidManifest.xml:26:9-69
58-->src/main/AndroidManifest.xml:26:19-66
59            </intent-filter>
60        </activity>
61
62        <provider
62-->[:react-native-image-crop-picker] AndroidManifest.xml:18:9-26:20
63            android:name="com.reactnative.ivpusic.imagepicker.IvpusicImagePickerFileProvider"
63-->[:react-native-image-crop-picker] AndroidManifest.xml:19:13-94
64            android:authorities="com.awesomeproject.provider"
64-->[:react-native-image-crop-picker] AndroidManifest.xml:20:13-60
65            android:exported="false"
65-->[:react-native-image-crop-picker] AndroidManifest.xml:21:13-37
66            android:grantUriPermissions="true" >
66-->[:react-native-image-crop-picker] AndroidManifest.xml:22:13-47
67            <meta-data
67-->[:react-native-image-crop-picker] AndroidManifest.xml:23:13-25:78
68                android:name="android.support.FILE_PROVIDER_PATHS"
68-->[:react-native-image-crop-picker] AndroidManifest.xml:24:17-67
69                android:resource="@xml/ivpusic_imagepicker_provider_paths" />
69-->[:react-native-image-crop-picker] AndroidManifest.xml:25:17-75
70        </provider>
71
72        <activity
72-->[:react-native-image-crop-picker] AndroidManifest.xml:28:9-30:72
73            android:name="com.yalantis.ucrop.UCropActivity"
73-->[:react-native-image-crop-picker] AndroidManifest.xml:29:13-60
74            android:theme="@style/Theme.AppCompat.Light.NoActionBar" />
74-->[:react-native-image-crop-picker] AndroidManifest.xml:30:13-69
75        <activity
75-->[com.facebook.react:react-android:0.74.1] AndroidManifest.xml:19:9-21:40
76            android:name="com.facebook.react.devsupport.DevSettingsActivity"
76-->[com.facebook.react:react-android:0.74.1] AndroidManifest.xml:20:13-77
77            android:exported="false" />
77-->[com.facebook.react:react-android:0.74.1] AndroidManifest.xml:21:13-37
78
79        <provider
79-->[androidx.emoji2:emoji2:1.3.0] AndroidManifest.xml:24:9-32:20
80            android:name="androidx.startup.InitializationProvider"
80-->[androidx.emoji2:emoji2:1.3.0] AndroidManifest.xml:25:13-67
81            android:authorities="com.awesomeproject.androidx-startup"
81-->[androidx.emoji2:emoji2:1.3.0] AndroidManifest.xml:26:13-68
82            android:exported="false" >
82-->[androidx.emoji2:emoji2:1.3.0] AndroidManifest.xml:27:13-37
83            <meta-data
83-->[androidx.emoji2:emoji2:1.3.0] AndroidManifest.xml:29:13-31:52
84                android:name="androidx.emoji2.text.EmojiCompatInitializer"
84-->[androidx.emoji2:emoji2:1.3.0] AndroidManifest.xml:30:17-75
85                android:value="androidx.startup" />
85-->[androidx.emoji2:emoji2:1.3.0] AndroidManifest.xml:31:17-49
86            <meta-data
86-->[androidx.lifecycle:lifecycle-process:2.8.7] AndroidManifest.xml:29:13-31:52
87                android:name="androidx.lifecycle.ProcessLifecycleInitializer"
87-->[androidx.lifecycle:lifecycle-process:2.8.7] AndroidManifest.xml:30:17-78
88                android:value="androidx.startup" />
88-->[androidx.lifecycle:lifecycle-process:2.8.7] AndroidManifest.xml:31:17-49
89            <meta-data
89-->[androidx.profileinstaller:profileinstaller:1.4.1] AndroidManifest.xml:29:13-31:52
90                android:name="androidx.profileinstaller.ProfileInstallerInitializer"
90-->[androidx.profileinstaller:profileinstaller:1.4.1] AndroidManifest.xml:30:17-85
91                android:value="androidx.startup" />
91-->[androidx.profileinstaller:profileinstaller:1.4.1] AndroidManifest.xml:31:17-49
92        </provider>
93
94        <receiver
94-->[androidx.profileinstaller:profileinstaller:1.4.1] AndroidManifest.xml:34:9-52:20
95            android:name="androidx.profileinstaller.ProfileInstallReceiver"
95-->[androidx.profileinstaller:profileinstaller:1.4.1] AndroidManifest.xml:35:13-76
96            android:directBootAware="false"
96-->[androidx.profileinstaller:profileinstaller:1.4.1] AndroidManifest.xml:36:13-44
97            android:enabled="true"
97-->[androidx.profileinstaller:profileinstaller:1.4.1] AndroidManifest.xml:37:13-35
98            android:exported="true"
98-->[androidx.profileinstaller:profileinstaller:1.4.1] AndroidManifest.xml:38:13-36
99            android:permission="android.permission.DUMP" >
99-->[androidx.profileinstaller:profileinstaller:1.4.1] AndroidManifest.xml:39:13-57
100            <intent-filter>
100-->[androidx.profileinstaller:profileinstaller:1.4.1] AndroidManifest.xml:40:13-42:29
101                <action android:name="androidx.profileinstaller.action.INSTALL_PROFILE" />
101-->[androidx.profileinstaller:profileinstaller:1.4.1] AndroidManifest.xml:41:17-91
101-->[androidx.profileinstaller:profileinstaller:1.4.1] AndroidManifest.xml:41:25-88
102            </intent-filter>
103            <intent-filter>
103-->[androidx.profileinstaller:profileinstaller:1.4.1] AndroidManifest.xml:43:13-45:29
104                <action android:name="androidx.profileinstaller.action.SKIP_FILE" />
104-->[androidx.profileinstaller:profileinstaller:1.4.1] AndroidManifest.xml:44:17-85
104-->[androidx.profileinstaller:profileinstaller:1.4.1] AndroidManifest.xml:44:25-82
105            </intent-filter>
106            <intent-filter>
106-->[androidx.profileinstaller:profileinstaller:1.4.1] AndroidManifest.xml:46:13-48:29
107                <action android:name="androidx.profileinstaller.action.SAVE_PROFILE" />
107-->[androidx.profileinstaller:profileinstaller:1.4.1] AndroidManifest.xml:47:17-88
107-->[androidx.profileinstaller:profileinstaller:1.4.1] AndroidManifest.xml:47:25-85
108            </intent-filter>
109            <intent-filter>
109-->[androidx.profileinstaller:profileinstaller:1.4.1] AndroidManifest.xml:49:13-51:29
110                <action android:name="androidx.profileinstaller.action.BENCHMARK_OPERATION" />
110-->[androidx.profileinstaller:profileinstaller:1.4.1] AndroidManifest.xml:50:17-95
110-->[androidx.profileinstaller:profileinstaller:1.4.1] AndroidManifest.xml:50:25-92
111            </intent-filter>
112        </receiver>
113
114        <meta-data
114-->[com.facebook.soloader:soloader:0.10.5] AndroidManifest.xml:12:9-14:37
115            android:name="com.facebook.soloader.enabled"
115-->[com.facebook.soloader:soloader:0.10.5] AndroidManifest.xml:13:13-57
116            android:value="false" />
116-->[com.facebook.soloader:soloader:0.10.5] AndroidManifest.xml:14:13-34
117    </application>
118
119</manifest>